FILE_TYPE=LIBRARY_PARTS;
PRIMITIVE 'TPD1E1B04DPYR','TPD1E1B04DPYR_Other';
  PIN
    '1':
      PIN_NUMBER='(1)';
      NO_LOAD_CHECK=BOTH;
      NO_IO_CHECK=BOTH;
      ALLOW_CONNECT=TRUE;
      PINUSE='UNSPEC';
    '2':
      PIN_NUMBER='(2)';
      NO_LOAD_CHECK=BOTH;
      NO_IO_CHECK=BOTH;
      ALLOW_CONNECT=TRUE;
      PINUSE='UNSPEC';
  END_PIN;
  BODY
    PART_NAME='TPD1E1B04DPYR';
    PHYS_DES_PREFIX='D';
    NO_LOAD_CHECK='TRUE';
    PIN_COUNT='2';
    BODY_NAME='TPD1E1B04DPYR';
    JEDEC_TYPE='TPD1E1B04DPYR';
  END_BODY;
END_PRIMITIVE;
END.
