FILE_TYPE=LIBRARY_PARTS;
PRIMITIVE 'ECS_2520MV_250_CN_TR','ECS_2520MV_250_CN_TR_Other';
  PIN
    'TRI-STATE':
      PIN_NUMBER='(1)';
      NO_LOAD_CHECK=BOTH;
      NO_IO_CHECK=BOTH;
      ALLOW_CONNECT=TRUE;
      PINUSE='UNSPEC';
    'GND':
      PIN_NUMBER='(2)';
      NO_LOAD_CHECK=BOTH;
      NO_IO_CHECK=BOTH;
      ALLOW_CONNECT=TRUE;
      PINUSE='UNSPEC';
    'OUTPUT':
      PIN_NUMBER='(3)';
      NO_LOAD_CHECK=BOTH;
      NO_IO_CHECK=BOTH;
      ALLOW_CONNECT=TRUE;
      PINUSE='UNSPEC';
    'VDD':
      PIN_NUMBER='(4)';
      NO_LOAD_CHECK=BOTH;
      NO_IO_CHECK=BOTH;
      ALLOW_CONNECT=TRUE;
      PINUSE='UNSPEC';
  END_PIN;
  BODY
    PART_NAME='ECS_2520MV_250_CN_TR';
    PHYS_DES_PREFIX='Y';
    NO_LOAD_CHECK='TRUE';
    PIN_COUNT='4';
    BODY_NAME='ECS_2520MV_250_CN_TR';
    JEDEC_TYPE='ECS2520MV250CNTR';
  END_BODY;
END_PRIMITIVE;
END.
